Connecting to ip:192.168.2.1
Performing data transfer. Ctrl + c to terminate.
send_config: 8 bytes sent
send_config: 8 bytes sent
send_config: 8 bytes sent
send_config: 8 bytes sent
send_config: 8 bytes sent
send_config: 8 bytes sent
send_config: 8 bytes sent
send_config: 8 bytes sent
send_config: 8 bytes sent
send_config: 8 bytes sent
send_config: 8 bytes sent
send_config: 8 bytes sent
send_config: 8 bytes sent
send_config: 8 bytes sent
send_config: 8 bytes sent
send_config: 8 bytes sent
send_config: 8 bytes sent
send_config: 8 bytes sent
send_config: 8 bytes sent
send_config: 8 bytes sent
$ RX (44): ad5b0001 00000228 0fcb025d 00000000 0000001c 0000000d 00000000 5da2f584 ba361800 fcd0b5a0 5da50000 
$ RX (44): ad5b0001 00000229 0fccce9b 00000000 0000001d 0000000e 00000000 5da2f584 ba365800 c63438fe 58660000 
$ RX (44): ad5b0001 00000000 00000008 00000000 00000000 00000000 00000000 ffd09caf 8028a709 6b9935cd f2b80000 
$ RX (44): ad5b0001 00000001 0002d3e5 00000000 0000002e 00000013 00000000 8da2fbec e1528a00 00000083 6bd80000 
$ RX (44): ad5b0001 00000002 0007b4e1 00000000 00000033 00000012 00000001 8da2fbec 998d7e04 9004d028 f17a0000 
$ RX (44): ad5b0001 00000003 00084e7c 00000000 00000031 00000012 00000001 8da2fbec 58af83ca 288dbc5b 8fd20000 
$ RX (44): ad5b0001 00000004 0015bb02 00000000 0000002d 00000011 00000001 8da2fbec ea42885e f33c0887 c0950000 
$ RX (44): ad5b0001 00000005 001a134c 00000000 00000044 00000018 00000000 5da2fbec ec45e100 2cb0bc93 8c2f0000 
$ RX (44): ad5b0001 00000006 002016b6 00000000 0000002d 00000012 00000000 200015b8 f229f701 de55ade1 dbd10000 
$ RX (44): ad5b0001 00000007 00375ca3 00000000 00000040 0000001a 00000001 8da2fbec 24541332 c34d20f3 4a2b0000 
$ RX (44): ad5b0001 00000008 003a591c 00000000 0000003e 00000019 00000001 8da2fbec 58af83ca 2c8dad93 ca070000 
$ RX (44): ad5b0001 00000009 003ac8f1 00000000 00000039 00000016 00000001 8dc010ec 58ab105e c1227c5a 95cf0000 
$ RX (44): ad5b0001 0000000a 003e7336 00000000 0000003c 00000017 00000001 8dc010ec 990a0088 5004d7c9 2c1b0000 
$ RX (44): ad5b0001 0000000b 0040e5fc 00000000 0000003d 0000001b 00000001 8dc010ec 23043071 cb082094 1a020000 
$ RX (44): ad5b0001 0000000c 004f1be9 00000000 00000029 00000014 00000000 8725d041 3667281f b6ffb2fd 70e80000 
$ RX (44): ad5b0001 0000000d 004f1fc1 00000000 00000016 0000000b 00000000 0268b0f2 e2b09c6a 17f4a5b1 c1530000 
$ RX (44): ad5b0001 0000000e 00522937 00000000 0000002b 00000013 00000001 8da2fbec f8210002 0049b85a 4c020000 
$ RX (44): ad5b0001 0000000f 00565124 00000000 00000014 0000000a 00000000 9f8037ae c8ba0533 098f7f52 1b990000 
$ RX (44): ad5b0001 00000010 005724c5 00000000 00000040 00000018 00000000 5da2fbec ec45e000 048f61c1 f93e0000 
$ RX (44): ad5b0001 00000011 0058f39c 00000000 0000003f 00000017 00000000 5da2fbec ec45e000 0ed430f0 e9100000 
$ RX (44): ad5b0001 00000012 005a0278 00000000 0000003f 00000019 00000000 5dc010cc e1cfa700 5637065a 16450000 
$ RX (44): ad5b0001 00000013 005a4603 00000000 00000042 00000017 00000000 5da2fbec ec45e000 1902e76b abd10000 
$ RX (44): ad5b0001 00000014 005d4fc2 00000000 0000003d 00000017 00000000 5dc010ec e1cfa200 c0f14e06 cc3d0000 
$ RX (44): ad5b0001 00000015 005f1b89 00000000 00000046 0000001d 00000000 5dc010ec e1cfa201 01a48d4e 7a800000 
$ RX (44): ad5b0001 00000016 00606ba0 00000000 00000040 00000019 00000000 5dc010ec e1cfa200 8c3d332d 802e0000 
$ RX (44): ad5b0001 00000017 0073b65e 00000000 00000041 00000018 00000000 20001531 68405200 5a0c836a 2c590000 
$ RX (44): ad5b0001 00000018 007694ee 00000000 0000001a 0000000d 00000000 82c01676 5c030687 6e4053af 8de30000 
$ RX (44): ad5b0001 00000019 00784249 00000000 0000003f 00000017 00000000 5dc010ec e1cfa600 2798097f 5bf10000 
$ RX (44): ad5b0001 0000001a 0079e937 00000000 00000042 00000017 00000000 200015b8 f229f700 f61e5c68 087f0000 
$ RX (44): ad5b0001 0000001b 007a11e7 00000000 0000003c 00000017 00000000 5dc010ec e1cfa600 0b4f6331 38870000 
$ RX (44): ad5b0001 0000001c 007a7f86 00000000 0000002d 00000012 00000001 8da2fbec 58af8742 8d307606 f0a70000 
$ RX (44): ad5b0001 0000001d 007b635e 00000000 0000003d 00000017 00000000 5dc010ec e1cfa600 9e7504e0 78720000 
$ RX (44): ad5b0001 0000001e 007d4963 00000000 00000014 0000000a 00000000 0032d377 04f03cb0 e9038f8b 59a20000 
$ RX (44): ad5b0001 0000001f 007ea4b1 00000000 00000018 0000000c 00000000 0022e71e a5ac1e87 660822ea a74d0000 
$ RX (44): ad5b0001 00000020 0083b1ad 00000000 00000045 0000001a 00000000 5da2fbec ec45e400 07effac1 dc280000 
$ RX (44): ad5b0001 00000021 00844c3a 00000000 00000032 00000012 00000000 5da2fbec ec45e100 9f80f479 aa8f0000 
$ RX (44): ad5b0001 00000022 00857c6b 00000000 00000047 0000001b 00000000 5da2fbec ec45e400 6245a03d 0ec20000 
$ RX (44): ad5b0001 00000023 0086c0a7 00000000 00000018 0000000c 00000000 c2c03f4c ab944538 21fb9cca 21ef0000 
$ RX (44): ad5b0001 00000024 0086ccf3 00000000 00000043 00000019 00000000 5da2fbec ec45e400 7c127aa4 a84c0000 
$ RX (44): ad5b0001 00000025 0089728e 00000000 00000016 0000000b 00000000 1dffa816 c601488e 407e476c 0d200000 
$ RX (44): ad5b0001 00000026 0089b299 00000000 00000030 00000014 00000000 8da2fbec 99cd7e04 9004d020 f17a0000 
$ RX (44): ad5b0001 00000027 008acddc 00000000 00000018 0000000c 00000000 82c0130b 2099c7f5 4c5add71 50220000 
$ RX (44): ad5b0001 00000028 009f844d 00000000 00000037 00000014 00000001 8dc010ec e11b9000 000000a5 da1c0000 
$ RX (44): ad5b0001 00000029 00ab5459 00000000 0000004d 0000001e 00000001 8da2fbec ea42885e f33c0887 c0950000 
$ RX (44): ad5b0001 0000002a 00b2798e 00000000 0000001a 0000000d 00000000 5dc076ee f75ea10b 05914058 ae3c0000 
$ RX (44): ad5b0001 0000002b 00b30755 00000000 00000037 00000016 00000001 8dc010ec 58ab105e b522ae7b 7dc30000 
$ RX (44): ad5b0001 0000002c 00b42745 00000000 00000018 0000000b 00000000 5dc07eee f75ea101 a2dcb567 6e420000 
$ RX (44): ad5b0001 0000002d 00b6c148 00000000 00000038 00000015 00000001 8dc010ec 990a0088 5004d7c9 2c1b0000 
$ RX (44): ad5b0001 0000002e 00c0a04c 00000000 0000004c 0000001c 00000001 8da2fbec 58af8742 91306082 834e0000 
$ RX (44): ad5b0001 0000002f 00c3122d 00000000 0000004f 0000001c 00000001 8da2fbec 998d7e04 9004d028 f17a0000 
$ RX (44): ad5b0001 00000030 00c90f8b 00000000 0000001d 0000000e 00000000 8dc07eee 58ba0bc2 52e04736 fb440000 
$ RX (44): ad5b0001 00000031 00e11c98 00000000 00000016 0000000b 00000000 cdc00da8 99148430 b004d689 baf00000 
$ RX (44): ad5b0001 00000032 00e83ffb 00000000 0000001a 0000000d 00000000 42e197b0 8a1fd301 fd82abe6 20250000 
$ RX (44): ad5b0001 00000033 00f51dd7 00000000 0000003a 00000016 00000001 8da2fbec 58af8742 9530514b 072b0000 
$ RX (44): ad5b0001 00000034 00f93c6e 00000000 00000039 00000016 00000000 02e195b9 0b05b400 54034fa5 c1ef0000 
$ RX (44): ad5b0001 00000035 00fc6210 00000000 00000051 0000001e 00000000 02e195b8 f4f1bd00 9c4b41ee 0e2b0000 
$ RX (44): ad5b0001 00000036 00ff05f0 00000000 00000014 0000000a 00000000 cdc00da8 ca4a5867 9b4c0818 d5b00000 
$ RX (44): ad5b0001 00000037 00ffff81 00000000 00000021 0000000f 00000000 8dc010ed aa408858 013c0822 83780000 
$ RX (44): ad5b0001 00000038 010750fc 00000000 0000001b 0000000d 00000001 8dc07eee e11a3900 00000068 5b760000 
$ RX (44): ad5b0001 00000039 01090504 00000000 0000001b 0000000c 00000000 02e197b0 8a1fd300 3e6a90d9 601e0000 
$ RX (44): ad5b0001 0000003a 010a7f27 00000000 0000003a 00000018 00000000 8da3fbec 998d7e04 9004d028 f17a0000 
$ RX (44): ad5b0001 0000003b 01100b14 00000000 00000059 00000020 00000000 5da2fbec ec45e100 c775abd7 61320000 
$ RX (44): ad5b0001 0000003c 011e2378 00000000 0000001d 0000000e 00000000 02e61531 b6a5fb01 04539915 56d00000 
$ RX (44): ad5b0001 0000003d 01244963 00000000 00000021 0000000f 00000000 0010b886 e83701de 09bf6132 5e9d0000 
$ RX (44): ad5b0001 0000003e 0128fa13 00000000 00000022 00000011 00000000 88c01336 0022e75f 089b06e8 0c840000 
$ RX (44): ad5b0001 0000003f 0133d130 00000000 00000024 0000000f 00000001 8dc010ec 58ab105e a522e6a5 cadf0000 
$ RX (44): ad5b0001 00000040 01370a76 00000000 00000056 0000001e 00000001 8da2fbec 58af83ca 3a8d5d67 d3590000 
$ RX (44): ad5b0001 00000041 013779c5 00000000 00000026 00000010 00000001 8dc010ec 990a0088 5004d7c9 2c1b0000 
$ RX (44): ad5b0001 00000042 01392c1b 00000000 00000012 00000009 00000000 03f8f8a6 ca62f7a3 9c1f4d94 3ff10000 
$ RX (44): ad5b0001 00000043 013f9555 00000000 0000005a 0000001d 00000001 8da2fbec 998d7e04 9004d028 f17a0000 
$ RX (44): ad5b0001 00000044 0142a6c7 00000000 0000003c 00000017 00000001 8da2fbec ea42885e f33c0887 c0950000 
$ RX (44): ad5b0001 00000045 0154d72c 00000000 00000035 00000017 00000000 5dc010ec e1cfa700 97fc352c 06a00000 
$ RX (44): ad5b0001 00000046 016ada2b 00000000 00000022 00000010 00000000 824030a4 2a47715e 51ca7174 26e00000 
$ RX (44): ad5b0001 00000047 016beca6 00000000 0000001f 0000000f 00000000 00609138 1f28b7c6 7700911a b8750000 
$ RX (44): ad5b0001 00000048 016dfe59 00000000 00000021 00000010 00000000 00256aa9 f4128468 d806e05f b22a0000 
$ RX (44): ad5b0001 00000049 016efaf5 00000000 0000001e 0000000f 00000000 82c01c81 5588b896 9cb27185 5ca50000 
$ RX (44): ad5b0001 0000004a 01700d70 00000000 0000001a 0000000d 00000000 040174a9 27901694 e6a78791 52030000 
$ RX (44): ad5b0001 0000004b 01710f28 00000000 0000002f 00000017 00000000 0850023f d4730fb0 8ccc70a3 fd030000 
$ RX (44): ad5b0001 0000004c 01785bbb 00000000 0000003e 00000018 00000001 8da2fbec 58af8742 9b30290b 8ec10000 
$ RX (44): ad5b0001 0000004d 017b65e7 00000000 0000003c 00000018 00000001 8da2fbec 998d7e04 9004d028 f17a0000 
$ RX (44): ad5b0001 0000004e 017f3d7d 00000000 0000001d 0000000d 00000001 8dac0cf8 9915888f 7808d0cb e7cc0000 
$ RX (44): ad5b0001 0000004f 017f516e 00000000 00000016 0000000b 00000000 b9c01406 e1a0384c 0749f4d6 47180000 
$ RX (44): ad5b0001 00000050 01806395 00000000 00000020 00000010 00000000 08205ace b4dc2235 1ef3517c 25850000 
$ RX (44): ad5b0001 00000051 0181663d 00000000 00000016 0000000b 00000000 04269b86 d20fc134 5837fbb0 e5b40000 
$ RX (44): ad5b0001 00000052 01836d80 00000000 00000016 0000000b 00000000 620b461d 8994200f 6633c8cf 09980000 
$ RX (44): ad5b0001 00000053 01853b38 00000000 0000003b 00000014 00000000 5da2fbec ec45e100 a1018661 d3b20000 
$ RX (44): ad5b0001 00000054 01857443 00000000 00000016 0000000a 00000000 94c02c41 74e3fe6b 8209a66f 0db10000 
$ RX (44): ad5b0001 00000055 01883915 00000000 00000033 00000018 00000000 8725d041 307defff dffb647a 5b3f0000 
$ RX (44): ad5b0001 00000056 01883ce5 00000000 0000001c 0000000d 00000000 007a0e34 c6271ae0 e4e19aca a95b0000 
$ RX (44): ad5b0001 00000057 0190774b 00000000 00000033 00000019 00000000 8fd19ea4 7d333a10 036a11cf b0cf0000 
$ RX (44): ad5b0001 00000058 0190fefb 00000000 00000032 00000018 00000000 8fd19ea4 7d333a10 1043f400 1c7f0000 
$ RX (44): ad5b0001 00000059 019618a0 00000000 0000003b 00000015 00000001 8dc010ec f8230002 0049b8e4 6c410000 
$ RX (44): ad5b0001 0000005a 01ac3917 00000000 0000005b 00000021 00000001 8da2fbec 58af8742 9f301ac2 16bf0000 
$ RX (44): ad5b0001 0000005b 01bae003 00000000 00000059 0000001e 00000001 8da2fbec 998d7e04 9004d028 f17a0000 
$ RX (44): ad5b0001 0000005c 01bd3427 00000000 00000036 00000015 00000001 8dc010ec 58ab17d4 7bc651df 61370000 
$ RX (44): ad5b0001 0000005d 01c0d13e 00000000 00000037 00000014 00000001 8dc010ec 990a0088 5004d7c9 2c1b0000 
$ RX (44): ad5b0001 0000005e 01c3a7fa 00000000 00000016 0000000b 00000000 01b3cca6 7d2070cd 212d2ad7 a2070000 
$ RX (44): ad5b0001 0000005f 01d82c16 00000000 0000005b 00000023 00000001 8da2fbec ea42885e f33c0887 c0950000 
$ RX (44): ad5b0001 00000060 01e1f0a8 00000000 0000003a 00000015 00000001 8da2fbec 58af93ca 448d28fa 8a6b0000 
$ RX (44): ad5b0001 00000061 01e3f510 00000000 0000001c 0000000d 00000000 9dac0cf8 58af8399 fe9c56a9 3af00000 
$ RX (44): ad5b0001 00000062 01eb58af 00000000 00000019 0000000c 00000000 598037b0 2fe83cb9 f1ac0474 49d90000 
$ RX (44): ad5b0001 00000063 01ec14db 00000000 0000001b 0000000c 00000000 023aaa26 e975f237 dd21fa60 278b0000 
$ RX (44): ad5b0001 00000064 01ed1fe5 00000000 0000002a 00000014 00000000 0810032f 9261be42 083f11fa 6ee30000 
$ RX (44): ad5b0001 00000065 01ee38fa 00000000 0000001a 0000000d 00000000 b49e008b a1a4d07c 40a86845 c15e0000 
$ RX (44): ad5b0001 00000066 01ee8124 00000000 0000001b 0000000d 00000000 005f206b 5a88ec23 9c5f40ff 54fe0000 
$ RX (44): ad5b0001 00000067 01eec9c6 00000000 0000001e 0000000f 00000000 00317c73 71d74813 c239690a 1ff80000 
$ RX (44): ad5b0001 00000068 01ef067b 00000000 00000029 00000014 00000000 081801a6 a069952f 6e018d96 21770000 
$ RX (44): ad5b0001 00000069 01efde4f 00000000 0000001b 0000000d 00000000 82c011ef 8c95f95b 1b82883c 0b030000 
$ RX (44): ad5b0001 0000006a 01effb0f 00000000 00000037 00000014 00000001 8da2fbec 998d7e04 9804d046 53720000 
$ RX (44): ad5b0001 0000006b 01f01ec3 00000000 00000050 0000001d 00000000 5da2fbec ec45e100 df242100 5e1f0000 
$ RX (44): ad5b0001 0000006c 01f03538 00000000 00000012 00000009 00000000 f2db41c0 13f83a8b db86ea37 da010000 
$ RX (44): ad5b0001 0000006d 01f10c86 00000000 0000001d 0000000e 00000000 007043b8 46ed711e ca476008 ac520000 
$ RX (44): ad5b0001 0000006e 01f1e3ee 00000000 0000001b 0000000d 00000000 0192e334 030b205c 1d0da1ef 808d0000 
$ RX (44): ad5b0001 00000070 01f2e7f3 00000000 00000018 0000000c 00000000 802ad340 d6b7e1b8 3c282790 069d0000 
$ RX (44): ad5b0001 00000072 01f950b2 00000000 00000020 0000000e 00000001 8dac0cf8 f8210002 004ab8fc a5470000 
$ RX (44): ad5b0001 00000073 01fc6f21 00000000 00000021 0000000e 00000000 5dac0cf8 dfe23e00 b2337e66 6a540000 
$ RX (44): ad5b0001 00000074 01fed1a3 00000000 0000001c 0000000c 00000001 8dac0cf8 9915888f 7804d083 bdcc0000 
$ RX (44): ad5b0001 00000075 0213ea1d 00000000 00000022 0000000f 00000000 02e195b8 fa06a900 59e7a6d3 f2ea0000 
$ RX (44): ad5b0001 00000076 021c1a3f 00000000 0000001e 0000000f 00000000 8dac0cf8 ea428866 c55c285a 83110000 
$ RX (44): ad5b0001 00000077 022174b4 00000000 0000004c 0000001a 00000001 8da2fbec 998d7e04 9804d046 53720000 
$ RX (44): ad5b0001 00000078 0226bae7 00000000 00000037 00000014 00000000 02e195b8 f4f1bd00 32f81849 2e470000 
$ RX (44): ad5b0001 00000079 0229f4ca 00000000 0000004d 0000001c 00000001 8da2fbec 58af8742 a52ff56f 54d40000 
$ RX (44): ad5b0001 0000007a 0231b72b 00000000 0000003f 00000017 00000001 8dc010ec 58ab105e 8b234b55 9bdb0000 
$ RX (44): ad5b0001 0000007b 023562e7 00000000 00000044 00000017 00000001 8dc010ec 990a0088 7004d78c 50320000 
$ RX (44): ad5b0001 0000007c 023600bd 00000000 00000043 00000019 00000001 8dc010ec ea408858 013c0822 83780000 
$ RX (44): ad5b0001 0000007d 02439079 00000000 0000002f 00000017 00000000 8aa3fef1 31e30580 066d58b1 283b0000 
$ RX (44): ad5b0001 0000007e 02455b07 00000000 00000016 0000000b 00000000 00e85c9b 88e09f60 3f2d235c cf220000 
$ RX (44): ad5b0001 0000007f 0254434d 00000000 0000001c 0000000e 00000000 adac0cf8 58af8399 ec9c3792 60bb0000 
$ RX (44): ad5b0001 00000080 02555004 00000000 0000004f 0000001d 00000001 8da2fbec e1128a00 00000083 6bd80000 
$ RX (44): ad5b0001 00000081 025e7330 00000000 00000036 00000015 00000001 8da2fbec 998d7e04 9804d046 53720000 
$ RX (44): ad5b0001 00000082 0262bae0 00000000 0000001d 0000000e 00000000 200015b8 fcdee301 83e164f0 c6b30000 
$ RX (44): ad5b0001 00000083 0264aedf 00000000 00000020 0000000f 00000000 200015b8 fcdee300 4b4b34cc 2b500000 
$ RX (44): ad5b0001 00000084 0267e115 00000000 0000004e 0000001b 00000000 02e61531 b6a5fb00 c54ef55c cf590000 
$ RX (44): ad5b0001 00000085 026865f4 00000000 0000004a 0000001e 00000000 02e61531 b6a5fb00 433f1329 ca730000 
$ RX (44): ad5b0001 00000086 0268b924 00000000 00000053 00000021 00000000 02e61531 b6a5fb01 846f0183 b0780000 
$ RX (44): ad5b0001 00000087 026c7fed 00000000 0000003a 00000016 00000001 8da2fbec 58af8742 a92fdf37 0a1f0000 
$ RX (44): ad5b0001 00000088 026f392e 00000000 00000020 0000000f 00000000 02e195b8 fa06a900 e8fa5304 93d80000 
$ RX (44): ad5b0001 00000089 0276424d 00000000 00000038 0000001c 00000001 8da2fbec ea42885e f33c0887 c0950000 
$ RX (44): ad5b0001 0000008a 0279fc5e 00000000 00000039 00000017 00000000 5da2fbec ec45e100 633dc270 08060000 
$ RX (44): ad5b0001 0000008b 028094ce 00000000 0000001a 0000000d 00000000 486101d3 05684c13 3f92ae4b a2620000 
$ RX (44): ad5b0001 0000008c 028cb141 00000000 00000024 00000010 00000000 08012d52 8bf7c6e0 2b8028dd 14270000 
$ RX (44): ad5b0001 0000008d 0291ff25 00000000 0000004b 0000001c 00000000 5dc010ec e1cfa201 41c80d81 eb2a0000 
$ RX (44): ad5b0001 0000008e 0293c9e4 00000000 0000004c 0000001a 00000000 5dc010ec e1cfa200 43be0e95 24410000 
$ RX (44): ad5b0001 0000008f 02951a6b 00000000 0000004b 0000001b 00000000 5dc010ec e1cfa200 bfea1abb 06f90000 
$ RX (44): ad5b0001 00000090 029818a4 00000000 00000057 00000024 00000000 5da2fbec ec45e001 c7742ab6 bc4d0000 
$ RX (44): ad5b0001 00000091 029a4407 00000000 0000005f 00000023 00000001 8da2fbec 998d7e04 9804d046 53720000 
$ RX (44): ad5b0001 00000092 029a7b43 00000000 00000051 00000021 00000000 5da2fbec ec45e000 a15901d5 deaa0000 
$ RX (44): ad5b0001 00000093 029c4ab1 00000000 00000055 00000022 00000000 5da2fbec ec45e000 02b25261 90f10000 
$ RX (44): ad5b0001 00000094 029d9c68 00000000 00000056 0000001f 00000000 5da2fbec ec45e000 283d6cb1 cc920000 
$ RX (44): ad5b0001 00000095 02a88a15 00000000 0000001a 0000000d 00000000 914078a1 70b8c053 cf20fa4b 05e50000 
$ RX (44): ad5b0001 00000096 02a9b75a 00000000 00000018 0000000c 00000000 8facfce8 b115888f 7a049083 b9cc0000 
$ RX (44): ad5b0001 00000097 02a9d726 00000000 00000047 00000019 00000000 20001531 68405200 4ac856da 04a80000 
$ RX (44): ad5b0001 00000098 02a9f4f9 00000000 00000045 00000018 00000001 8dc010ec 58ab105e 7f237e64 e34e0000 
$ RX (44): ad5b0001 00000099 02ab59ed 00000000 00000056 00000022 00000001 8da2fbec 58af83ca 508ce82a bbbf0000 
$ RX (44): ad5b0001 0000009a 02ac9d09 00000000 0000001c 0000000d 00000000 000c75f5 3101d2b4 658cb06a 74540000 
$ RX (44): ad5b0001 0000009b 02ad310a 00000000 0000003e 00000017 00000001 8da2fbec 24541332 c34d20f3 4a2b0000 
$ RX (44): ad5b0001 0000009c 02ad9f6f 00000000 00000043 0000001a 00000001 8dc010ec 990a0088 5004d7c9 2c1b0000 
$ RX (44): ad5b0001 0000009d 02afeaf3 00000000 00000041 00000017 00000000 20001531 68405200 79e17da5 40a70000 
$ RX (44): ad5b0001 0000009e 02b35291 00000000 00000023 00000011 00000000 0a42476d 9b725f3a 8e408b45 83280000 
$ RX (44): ad5b0001 0000009f 02b3e900 00000000 0000003a 00000017 00000001 8da2fbec f8210002 0049b85a 4c020000 
$ RX (44): ad5b0001 000000a0 02b76db6 00000000 00000020 0000000f 00000000 084d787f a15d4ed2 779a72dd 402b0000 
$ RX (44): ad5b0001 000000a1 02b8607f 00000000 00000035 00000019 00000000 8a25d041 313ba1b0 0731aa01 0ff80000 
$ RX (44): ad5b0001 000000a2 02ba2c02 00000000 0000005a 00000021 00000000 5da2fbec ec45e400 1e043c0a 49dd0000 
$ RX (44): ad5b0001 000000a3 02bb7c00 00000000 0000004f 00000023 00000000 5da2fbec ec45e400 4c8018d5 5a090000 
$ RX (44): ad5b0001 000000a4 02bb9855 00000000 00000044 0000001d 00000000 5dc010ec e1cfa600 c64fe09b 9e150000 
$ RX (44): ad5b0001 000000a5 02bce491 00000000 00000018 0000000c 00000000 90c03764 cc9a4f41 bbc92796 2ba20000 
$ RX (44): ad5b0001 000000a6 02bd6834 00000000 00000039 00000016 00000000 5dc010ec e1cfa600 27d1b92f cb300000 
$ RX (44): ad5b0001 000000a7 02be82d6 00000000 0000001d 0000000c 00000000 8dac0cf8 58af8712 ff3e90aa b72e0000 
$ RX (44): ad5b0001 000000a8 02c5283a 00000000 0000001e 0000000d 00000000 5dac0cf8 dfe23b10 f5c3e3d0 0c4e0000 
$ RX (44): ad5b0001 000000a9 02c67851 00000000 0000001e 0000000e 00000000 5dac0cf8 dfe23b00 1768d23c 9a860000 
$ RX (44): ad5b0001 000000aa 02d2c050 00000000 0000001c 0000000d 00000000 5dac0cf8 dfe23809 a1304931 0f860000 
$ RX (44): ad5b0001 000000ab 02d4684f 00000000 00000022 00000010 00000000 5dac0cf8 dfe63801 39f616ce 807f0000 
$ RX (44): ad5b0001 000000ac 02d57ab6 00000000 0000003f 00000016 00000001 8da2fbec 998d7e04 9804d046 53720000 
$ RX (44): ad5b0001 000000ad 02d614ae 00000000 0000001b 0000000c 00000000 5dac0cf8 dfe23800 36b3ec4a f2480000 
$ RX (44): ad5b0001 000000ae 02d7c2c6 00000000 00000020 00000010 00000000 007c0714 d0355050 c15457e0 69a60000 
$ RX (44): ad5b0001 000000af 02e1daf5 00000000 0000001d 0000000e 00000000 8dac0cb8 9915888f 7804d083 adcc0000 
$ RX (44): ad5b0001 000000b0 02ed5523 00000000 0000001a 0000000d 00000000 5dc07eae f75e2105 65e13610 4ed30000 
$ RX (44): ad5b0001 000000b1 02ed9dc1 00000000 0000001e 0000000e 00000000 02e195b8 fa06a902 90bad110 f79c0000 
$ RX (44): ad5b0001 000000b2 02f0a981 00000000 00000019 0000000c 00000000 5dc07eee f75aa109 e06e0e03 c34e0000 
$ RX (44): ad5b0001 000000b3 02f0ee85 00000000 0000003a 00000016 00000001 8da2fbec 58af8742 b12fb679 2ab20000 
$ RX (44): ad5b0001 000000b4 02ffb661 00000000 00000016 0000000b 00000000 cdc01da8 4883804a 6386e6b3 605b0000 
$ RX (44): ad5b0001 000000b5 03083239 00000000 0000005a 00000020 00000000 5da2fbec ec45e100 0bf13de5 0e620000 
$ RX (44): ad5b0001 000000b6 030d02e9 00000000 0000005c 00000022 00000001 8da2fbec 998d7e04 9804d046 53720000 
$ RX (44): ad5b0001 000000b7 030ed8f0 00000000 00000056 0000001c 00000001 8da2fbec ea42885e f33c0887 c0950000 
$ RX (44): ad5b0001 000000b8 031a4890 00000000 0000001d 0000000d 00000000 02e195b8 fa06a900 acf5a2a8 67850000 
$ RX (44): ad5b0001 000000b9 031a5136 00000000 0000001e 0000000d 00000000 8dc07eee 991051fa 7808ce31 d9560000 
$ RX (44): ad5b0001 000000ba 031c1965 00000000 00000031 00000012 00000001 8dc010ec 58ab17d4 55c6e021 95310000 
$ RX (44): ad5b0001 000000bb 031fc18a 00000000 00000036 00000018 00000001 8dc010ec 990a0088 5004d7c9 2c1b0000 
$ RX (44): ad5b0001 000000bc 033182c1 00000000 0000001e 0000000e 00000001 8dc07eee ea485865 c55c08ca 06b00000 
$ RX (44): ad5b0001 000000bd 03332d84 00000000 00000039 0000001b 00000000 80e195b8 58af83ca 588cc2e1 37630000 
$ RX (44): ad5b0001 000000be 03354aa1 00000000 00000056 0000001d 00000001 8da2fbec 58af8742 b52fa04e bf430000 
$ RX (44): ad5b0001 000000bf 033fd94a 00000000 00000018 0000000c 00000000 adac05f8 58af8712 e73e6be3 6d0c0000 
$ RX (44): ad5b0001 000000c0 034339dc 00000000 00000037 00000015 00000000 5dc010ec e1cfa702 a26d93ef b5100000 
$ RX (44): ad5b0001 000000c1 034adca2 00000000 00000022 0000000f 00000000 02e197b0 8a1fd300 82c683b4 83b50000 
$ RX (44): ad5b0001 000000c2 035508ac 00000000 00000040 00000018 00000001 8da2fbec 998d7e04 9804d046 53720000 
$ RX (44): ad5b0001 000000c3 0358e16f 00000000 00000016 0000000b 00000000 8dac0cf8 8915888f 78045083 b1cc0000 
$ RX (44): ad5b0001 000000c4 035d0ea7 00000000 00000057 0000001e 00000000 02e195b8 f4f1bd00 bcb8944a 0b460000 
$ RX (44): ad5b0001 000000c5 03607ed8 00000000 0000005a 0000001f 00000000 02e195b8 f4f1bd00 1d0fe3e0 48f40000 
$ RX (44): ad5b0001 000000c6 0361acca 00000000 00000031 00000014 00000001 8dc010ec ea408858 013c0822 83780000 
$ RX (44): ad5b0001 000000c7 0369a991 00000000 00000023 0000000f 00000000 5dc07eee f75ea700 3d21c194 19d10000 
$ RX (44): ad5b0001 000000c8 037ded16 00000000 0000003e 00000017 00000001 8da2fbec 58af83ca 5c8cab8f 23c10000 
$ RX (44): ad5b0001 000000c9 037f8581 00000000 00000034 00000013 00000000 005805cb a9ae6aa9 f149d331 fce00000 
$ RX (44): ad5b0001 000000ca 03884d77 00000000 00000033 00000019 00000000 8725d041 3667281f b67fb2fb 9ac80000 
$ RX (44): ad5b0001 000000cb 03885147 00000000 0000001f 0000000f 00000000 003b3133 6093c4c6 72ab46e2 3d460000 
$ RX (44): ad5b0001 000000cc 03899759 00000000 00000041 00000018 00000000 5da2fbec ec45e100 41cfbcbb 8b0a0000 
$ RX (44): ad5b0001 000000cd 038d161a 00000000 00000018 0000000c 00000000 061eab48 2c3512c7 685720af 00de0000 
$ RX (44): ad5b0001 000000ce 0390af7a 00000000 00000027 00000011 00000001 8dc010ec 990a0088 5004d7c9 2c1b0000 
$ RX (44): ad5b0001 000000cf 0392e507 00000000 00000014 0000000a 00000000 5dd00da8 44fb7100 253f700f e0360000 
$ RX (44): ad5b0001 000000d0 03980577 00000000 00000026 00000010 00000000 02e19531 6e981800 0fe35a19 ba810000 
$ RX (44): ad5b0001 000000d1 03a9432e 00000000 00000048 0000001b 00000001 8da2fbec ea42885e f33c0887 c0950000 
$ RX (44): ad5b0001 000000d2 03b43ea7 00000000 0000003d 0000001d 00000000 8725d041 3a75078b d42d0842 41fb0000 
$ RX (44): ad5b0001 000000d3 03b4427a 00000000 00000026 00000013 00000000 1015090c fc984580 cd491c62 a5240000 
$ RX (44): ad5b0001 000000d4 03b828c2 00000000 00000024 00000011 00000000 82c02479 5c6e084b a449c2f5 acc50000 
$ RX (44): ad5b0001 000000d5 03b93acc 00000000 00000026 00000013 00000000 4900e85f de470530 6aaa927c a6e40000 
$ RX (44): ad5b0001 000000d6 03ba3f92 00000000 00000032 00000019 00000000 08180544 b61a8089 a1ed50bc 4b830000 
$ RX (44): ad5b0001 000000d7 03bc4971 00000000 00000035 0000001a 00000000 081802ff 908324b0 0a4a3511 2aff0000 
$ RX (44): ad5b0001 000000d8 03bd5c08 00000000 00000021 00000010 00000000 004bcadd 8e567324 14ef9525 3d690000 
$ RX (44): ad5b0001 000000d9 03be5dda 00000000 00000023 00000011 00000000 02c00d64 24380172 826d22a3 dc100000 
$ RX (44): ad5b0001 000000da 03bfd9a7 00000000 0000004a 0000001c 00000001 8da2fbec 998d7e04 9804d046 53720000 
$ RX (44): ad5b0001 000000db 03d6bfa5 00000000 0000001a 0000000d 00000000 22e197b4 8a1fd300 ea6fcbc1 7a5c0000 
$ RX (44): ad5b0001 000000dc 03dec5ff 00000000 00000035 00000018 00000000 002cace2 01b8bbbe 8320df03 98880000 
$ RX (44): ad5b0001 000000dd 03e0d262 00000000 00000065 00000026 00000001 8da2fbec f8210002 0049b85a 4c020000 
$ RX (44): ad5b0001 000000de 03f62c5e 00000000 00000044 00000019 00000001 8da2fbec 58af83ca 628c8554 d5870000 
$ RX (44): ad5b0001 000000df 03f69a94 00000000 00000024 00000011 00000001 8dc010ec f8230002 0049b8e4 6c410000 
$ RX (44): ad5b0001 000000e0 03fd7dbd 00000000 00000060 00000022 00000001 8da2fbec 998d7e04 9804d046 53720000 
$ RX (44): ad5b0001 000000e1 04009c9e 00000000 0000003b 0000001c 00000000 8a25d041 313ba1e0 00017ad0 61600000 
$ RX (44): ad5b0001 000000e2 040d1b2a 00000000 0000001a 0000000d 00000000 22801532 97a84000 d05788f7 960e0000 
$ RX (44): ad5b0001 000000e3 040fa094 00000000 00000020 00000010 00000000 8dd1b0e4 912a018a 5004d789 2c1b0000 
$ RX (44): ad5b0001 000000e4 041e07bb 00000000 0000001a 0000000c 00000000 007f913f c1dc1643 0029ff13 30010000 
$ RX (44): ad5b0001 000000e5 041e447b 00000000 00000030 00000018 00000000 04900313 d84acb31 f641ea28 655f0000 
$ RX (44): ad5b0001 000000e6 041e81f1 00000000 0000002f 00000017 00000000 0818026b 5abc954c 233603b3 48570000 
$ RX (44): ad5b0001 000000e7 041f1cc4 00000000 0000001f 0000000f 00000000 017fcc02 d731fa04 c3497c44 19e20000 
$ RX (44): ad5b0001 000000e8 041f9a7b 00000000 00000022 00000011 00000000 02c010f9 0b79a0dc be27a7b0 50cd0000 
$ RX (44): ad5b0001 000000e9 04202bda 00000000 00000020 0000000f 00000000 007bdc79 04703b83 f0bf30b8 3a0b0000 
$ RX (44): ad5b0001 000000ea 042068a1 00000000 00000026 00000013 00000000 824032a1 335a0fc0 8f76a331 22a30000 
$ RX (44): ad5b0001 000000eb 0420a6a2 00000000 0000001f 0000000d 00000000 003a6151 798e30f8 24a3b9c5 db940000 
$ RX (44): ad5b0001 000000ec 0421405b 00000000 0000001e 0000000e 00000000 82402808 07452162 7e05acac 4c4d0000 
$ RX (44): ad5b0001 000000ed 042195f1 00000000 0000001f 0000000f 00000000 0029ed1e ce645d14 345f2d16 78460000 
$ RX (44): ad5b0001 000000ee 04221ee1 00000000 00000027 0000000f 00000000 00538743 09d99369 2f888cd4 efb30000 
$ RX (44): ad5b0001 000000f2 0422e8da 00000000 00000022 00000010 00000000 82c007d4 36009107 c883b49d 4b050000 
$ RX (44): ad5b0001 000000f6 042449e8 00000000 00000026 00000013 00000000 001d7b24 8c6ff10d 23f9a217 39f40000 
$ RX (44): ad5b0001 000000fb 0425a72a 00000000 00000024 00000011 00000000 8a403192 6b85ea58 6e9af185 75da0000 
$ RX (44): ad5b0001 000000fc 042d1870 00000000 00000064 00000024 00000001 8da2fbec 58af93ca 668c72a9 5c8f0000 
$ RX (44): ad5b0001 000000fd 043f6ace 00000000 0000006b 00000024 00000001 8da2fbec ea42885e f33c0887 c0950000 
$ RX (44): ad5b0001 000000fe 0441d9c0 00000000 00000028 00000014 00000000 8725d041 3667281f b67fb2fb 9ac80000 
$ RX (44): ad5b0001 000000ff 0441dd90 00000000 00000017 0000000b 00000000 00b6df50 011c3f09 3d809a9b 237a0000 
$ RX (44): ad5b0001 00000100 0465ee8f 00000000 00000047 00000019 00000000 5da2fbec ec45e100 1e8bbe45 83760000 
$ RX (44): ad5b0001 00000101 0472116d 00000000 00000048 00000019 00000001 8da2fbec 58af83ca 6a8c5b3e 46b60000 
$ RX (44): ad5b0001 00000102 04750180 00000000 0000001a 0000000d 00000000 8dc010e8 58ab105e 4d243d31 38070000 
$ RX (44): ad5b0001 00000103 047f3be3 00000000 0000003a 0000001d 00000000 8dfffea4 6f222010 05cddae0 a73d0000 
$ RX (44): ad5b0001 00000104 0485b14d 00000000 0000003c 0000001e 00000000 8fd19ea4 7d333a10 275c03da 8f160000 
$ RX (44): ad5b0001 00000105 0489df69 00000000 0000006a 00000027 00000001 8da2fbec 998d7e04 9804d046 53720000 
$ RX (44): ad5b0001 00000106 048c25c7 00000000 00000016 0000000b 00000001 8dc010ec ea408858 013c0822 83780000 
$ RX (44): ad5b0001 00000107 048f7e08 00000000 0000001a 0000000c 00000000 20803708 e8668100 0fd05c17 ed880000 
$ RX (44): ad5b0001 00000108 04940ad9 00000000 0000001e 0000000f 00000000 0035105b 8ab24ec6 37ab2a8c 76000000 
$ RX (44): ad5b0001 00000109 04ac118c 00000000 00000041 00000019 00000001 8da2fbec e1128a00 00000083 6bd80000 
$ RX (44): ad5b0001 0000010a 04b8417e 00000000 00000036 0000001b 00000000 8725d041 3a75078b d34d0d21 961c0000 
$ RX (44): ad5b0001 0000010b 04b84551 00000000 00000023 00000010 00000000 001492ff 00bd3450 ee279d86 3f000000 
$ RX (44): ad5b0001 0000010c 04cb1867 00000000 0000001c 0000000c 00000000 0ac19718 eabece04 e01ca6f0 f6d20000 
$ RX (44): ad5b0001 0000010d 04cc680a 00000000 0000003d 00000017 00000001 8da2fbec 998d7e04 9804d046 53720000 
$ RX (44): ad5b0001 0000010e 04ce1127 00000000 0000001d 0000000d 00000000 9da668ee 99098a8b b804ccca a5650000 
$ RX (44): ad5b0001 0000010f 04d1e517 00000000 0000003f 0000001a 00000001 8da2fbec ea42885e f33c0887 c0950000 
$ RX (44): ad5b0001 00000110 04d55d63 00000000 0000001d 0000000d 00000001 8da668ee 58b983b8 62782005 fa900000 
$ RX (44): ad5b0001 00000111 04d9494b 00000000 00000038 0000001b 00000000 8a25d041 313ba1e0 0b0053ae 4b870000 
$ RX (44): ad5b0001 00000112 04da2255 00000000 00000012 00000009 00000000 5fa668cd f0c74f28 41a0e21e f10b0000 
$ RX (44): ad5b0001 00000113 04db6eee 00000000 00000038 0000001a 00000000 8a25d041 313ba1f0 0d759652 5a150000 
$ RX (44): ad5b0001 00000114 04ddd2e0 00000000 00000061 00000023 00000000 5da2fbec ec45e000 5109e418 7cd40000 
$ RX (44): ad5b0001 00000115 04dfa23f 00000000 00000063 00000024 00000000 5da2fbec ec45e000 02fd9bff b1010000 
$ RX (44): ad5b0001 00000116 04e0e500 00000000 00000012 00000009 00000000 3fa723a8 29da3407 e161359c 1d060000 
$ RX (44): ad5b0001 00000117 04e0f47f 00000000 00000047 00000022 00000000 5da2fbec ec45e001 3584f174 b2a90000 
$ RX (44): ad5b0001 00000118 04e349e0 00000000 0000001d 0000000e 00000000 02e61718 32832c00 2c2cbb82 63870000 
$ RX (44): ad5b0001 00000119 04e409f2 00000000 0000001c 0000000e 00000000 8da668ec 23053079 8208204c 56e90000 
$ RX (44): ad5b0001 0000011a 04eaaf57 00000000 00000038 0000001a 00000000 8a25d041 313ba1b0 0a2ddaad 91670000 
$ RX (44): ad5b0001 0000011b 04ed0f51 00000000 00000062 00000022 00000000 5da2fbec ec45e400 442bc876 b74f0000 
$ RX (44): ad5b0001 0000011c 04eeda68 00000000 00000019 0000000c 00000000 5da0bb45 f7d9d88b c80098d3 00550000 
$ RX (44): ad5b0001 0000011d 04f029cf 00000000 0000001f 0000000e 00000000 5da668ee d0d65f01 cec68060 791e0000 
$ RX (44): ad5b0001 0000011e 04f1a12e 00000000 0000003f 00000018 00000001 8da2fbec 58af83ca 708c366b f6af0000 
$ RX (44): ad5b0001 0000011f 04f28a8e 00000000 0000001b 0000000d 00000000 dda668ee d0d65f01 16db43b2 bb450000 
$ RX (44): ad5b0001 00000120 04f455f4 00000000 0000001d 0000000e 00000000 5da668ee d0d65f01 5871d5f4 12d40000 
$ RX (44): ad5b0001 00000121 04f5712f 00000000 00000024 00000011 00000000 007caeb0 19511abd 442051ee 49900000 
$ RX (44): ad5b0001 00000122 04fb6819 00000000 00000066 00000023 00000001 8da2fbec 24541332 c34d20f3 4a2b0000 
$ RX (44): ad5b0001 00000123 0501807b 00000000 00000037 0000001b 00000000 8725d041 3667281f b67fb2fb 9ac80000 
$ RX (44): ad5b0001 00000124 0501844a 00000000 00000022 00000011 00000000 0039bf0d 7daa32c0 ab88f41f 08540000 
$ RX (44): ad5b0001 00000125 0505cabf 00000000 00000045 00000018 00000001 8da2fbec f8210002 0049b85a 4c020000 
$ RX (44): ad5b0001 00000126 051abd76 00000000 00000011 00000008 00000000 5fc1485d b7834012 8338a914 fe090000 
$ RX (44): ad5b0001 00000127 05200aa0 00000000 0000001a 0000000d 00000000 5dc08095 0521ef02 05a9e946 dc400000 
$ RX (44): ad5b0001 00000128 0521da3f 00000000 0000001b 0000000c 00000000 5dc08095 0521ef00 700b6970 4c860000 
$ RX (44): ad5b0001 00000129 0531ae93 00000000 00000018 0000000c 00000000 5f8010ec e1cfb701 0d046780 d22e0000 
$ RX (44): ad5b0001 0000012a 0532c8dd 00000000 0000001f 0000000e 00000001 8dc08095 58ab00a3 836d442b 93b60000 
$ RX (44): ad5b0001 0000012b 05338e66 00000000 0000006f 00000024 00000001 8da2fbec 58af8742 d12f08b0 dd200000 
$ RX (44): ad5b0001 0000012c 053981b5 00000000 00000018 0000000c 00000000 004fd083 5ccb67eb 98fe2507 f5000000 
$ RX (44): ad5b0001 0000012d 053d5125 00000000 00000050 0000001b 00000001 8da2fbec 998d7e04 9804d046 53720000 
$ RX (44): ad5b0001 0000012e 0540d49f 00000000 0000001b 0000000d 00000000 dda668ee 990d8a8b d804cc05 211e0000 
$ RX (44): ad5b0001 0000012f 05482f77 00000000 0000001d 0000000d 00000000 9da668ee 58b983b8 5077fb27 dbad0000 
$ RX (44): ad5b0001 00000130 05535b64 00000000 0000002e 00000017 00000000 8a25d041 313ba1e0 1eec09df 21b80000 
$ RX (44): ad5b0001 00000131 05612d12 00000000 0000001a 0000000d 00000000 8dc08095 f8230006 004eb84b 64780000 
$ RX (44): ad5b0001 00000132 056b1924 00000000 00000044 00000021 00000000 8725d041 315bd77a 10cc3f77 83f60000 
$ RX (44): ad5b0001 00000133 056b1cf7 00000000 0000002d 00000015 00000000 002b06ed 08ccfe44 f8848d08 5e500000 
$ RX (44): ad5b0001 00000134 056fce84 00000000 0000001d 0000000e 00000000 bdc010ec 990a0088 5804d7e2 f23a0000 
$ RX (44): ad5b0001 00000135 05730730 00000000 00000079 00000029 00000001 8da2fbec 998d7e04 9804d046 53720000 
$ RX (44): ad5b0001 00000136 05741287 00000000 00000044 00000021 00000000 8fd1e6a4 70b0e420 1cee025a 85860000 
$ RX (44): ad5b0001 00000137 0579c0c1 00000000 00000054 0000001e 00000001 8da2fbec 58af8742 d52ef28c 491b0000 
$ RX (44): ad5b0001 00000138 057e766c 00000000 0000001f 0000000e 00000000 8dc010ec e11b9008 000000a5 da1c0000 
$ RX (44): ad5b0001 00000139 058ef987 00000000 00000018 0000000c 00000000 8fc07eee e8485865 c55c084a 06b80000 
$ RX (44): ad5b0001 0000013a 059c6782 00000000 00000015 0000000a 00000000 8dc076ee 991051bb 9004ce32 a1880000 
$ RX (44): ad5b0001 0000013b 05acf1c9 00000000 00000018 0000000c 00000000 42e197b0 8a1fd301 4882cb87 e5180000 
$ RX (44): ad5b0001 0000013c 05aec1b5 00000000 0000001a 0000000c 00000000 5da668ee d0d65100 2fa416ec 56160000 
$ RX (44): ad5b0001 0000013d 05b1e7a9 00000000 0000004f 0000001b 00000001 8da2fbec 998d7e04 9804d046 53720000 
$ RX (44): ad5b0001 0000013e 05ba0218 00000000 00000045 00000022 00000000 8fd1e6a4 70b0e420 1dc6c029 3a400000 
$ RX (44): ad5b0001 0000013f 05bf2ac4 00000000 00000043 00000021 00000000 8fd1e6a4 70b0e420 1c070080 12350000 
$ RX (44): ad5b0001 00000140 05bfddd0 00000000 00000019 0000000c 00000000 02e617b0 52223001 4a726191 16c30000 
$ RX (44): ad5b0001 00000141 05c05ae0 00000000 0000001b 0000000d 00000000 22e617b0 52223000 eab19796 eae60000 
$ RX (44): ad5b0001 00000142 05c12842 00000000 00000042 00000020 00000000 8725d041 3a7506c3 58374062 c53d0000 
$ RX (44): ad5b0001 00000143 05c12c0e 00000000 00000047 00000019 00000000 002a10e0 3adc09e0 185cbd93 2e6b0000 
$ RX (44): ad5b0001 00000144 05c313e9 00000000 0000007d 0000002a 00000000 5da2fbec ec45e100 6bc13c04 8cc40000 
$ RX (44): ad5b0001 00000145 05c862f8 00000000 0000001d 0000000c 00000000 8da668ee 910d8a8b d804cc05 211e0000 
$ RX (44): ad5b0001 00000146 05d17763 00000000 00000014 0000000a 00000000 90281db0 5f5ccd33 b2f925c1 8b4f0000 
$ RX (44): ad5b0001 00000147 05d5d73b 00000000 0000001e 0000000d 00000001 8dc010ec 990a0088 7808d7aa a83a0000 
$ RX (44): ad5b0001 00000148 05d68be9 00000000 00000044 00000022 00000000 8fd19ea4 7d333a10 0925f48d 68090000 
$ RX (44): ad5b0001 00000149 05d6e025 00000000 0000007d 00000026 00000000 02e615b8 2ccc5e00 97fe49da 570d0000 
$ RX (44): ad5b0001 0000014a 05d8b932 00000000 00000050 0000001f 00000000 200015b9 0dddfe02 8717d9fc e6e20000 
$ RX (44): ad5b0001 0000014b 05e64ed6 00000000 00000015 0000000a 00000000 8da68d02 ea428858 015c080f 81700000 
$ RX (44): ad5b0001 0000014c 05f6de69 00000000 00000053 0000001d 00000001 8da2fbec 58af8742 dd2ec91c 52050000 
$ RX (44): ad5b0001 0000014d 05f77ac5 00000000 00000043 00000020 00000000 8725d041 3667281f b67fb2fb 9ac80000 
$ RX (44): ad5b0001 0000014e 05f77e94 00000000 00000028 00000011 00000000 000ae576 0a395e3e 538576d1 537d0000 
$ RX (44): ad5b0001 0000014f 05f926ed 00000000 00000027 00000010 00000000 007b888c 7439405d b545a848 5db20000 
$ RX (44): ad5b0001 00000150 06009828 00000000 00000022 0000000e 00000000 00235d48 6f887816 99d620bb 20aa0000 
$ RX (44): ad5b0001 00000151 0603aff1 00000000 00000052 0000001b 00000001 8da2fbec ea42885e f33c0887 c0950000 
$ RX (44): ad5b0001 00000152 06057759 00000000 00000029 00000012 00000000 82c02033 641f9750 02116858 3a710000 
$ RX (44): ad5b0001 00000153 060689d5 00000000 00000025 00000011 00000000 0016625b c6749ee1 89524dbf a01b0000 
$ RX (44): ad5b0001 00000154 06078e43 00000000 00000028 00000014 00000000 02c03aa8 0e5c8843 9acd2902 0f680000 
$ RX (44): ad5b0001 00000155 06089b88 00000000 00000023 00000010 00000000 0040e088 d7b9cc8d e158caa3 673c0000 
$ RX (44): ad5b0001 00000156 06099809 00000000 0000003a 0000001d 00000000 081800a4 bb04f8c8 04708795 042f0000 
$ RX (44): ad5b0001 00000157 060aaa10 00000000 0000003a 0000001c 00000000 0490070a 65868521 1caa4b13 1f900000 
$ RX (44): ad5b0001 00000158 060bac58 00000000 0000003c 0000001d 00000000 08180180 e23d52fe a2343901 c0230000 
$ RX (44): ad5b0001 00000159 061196a3 00000000 00000019 0000000c 00000000 8dc07ee2 993051bb 9024ce32 a1880000 
$ RX (44): ad5b0001 0000015a 0614077d 00000000 0000001c 0000000d 00000000 8dc07aee 58bf03be 2ce0ae43 20010000 
$ RX (44): ad5b0001 0000015b 06181d30 00000000 00000018 0000000c 00000000 8da68d02 58af745d 5def6475 99950000 
$ RX (44): ad5b0001 0000015c 062a0cd5 00000000 00000020 0000000e 00000000 5dc010ec e1cfa700 ab5bfa8f 25210000 
$ RX (44): ad5b0001 0000015d 062c1b4a 00000000 0000001f 0000000e 00000000 21001531 e8405206 31804e80 f9400000 
$ RX (44): ad5b0001 0000015e 063388c4 00000000 00000023 00000011 00000000 00266d2c 55d6b5c2 0273b13c 1b320000 
$ RX (44): ad5b0001 0000015f 063483fe 00000000 00000051 0000001c 00000001 8da2fbec 998d7e04 9804d046 53720000 
$ RX (44): ad5b0001 00000160 063831b5 00000000 0000003c 0000001e 00000000 8725d041 307defff dffb647a 5b3f0000 
$ RX (44): ad5b0001 00000161 06383584 00000000 00000029 00000014 00000000 00303f00 6bddd00b ee13de29 75b80000 
$ RX (44): ad5b0001 00000162 063baec7 00000000 00000020 0000000e 00000000 00201b85 b2edc37f a8887dec a37a0000 
$ RX (44): ad5b0001 00000163 063d114f 00000000 00000024 00000012 00000000 82400448 66912eea 4d3a7400 8aff0000 
$ RX (44): ad5b0001 00000164 063e6038 00000000 00000076 00000028 00000000 200015b8 f229f700 14705e43 6d3a0000 
$ RX (44): ad5b0001 00000165 063ee201 00000000 0000003c 0000001d 00000000 8725d041 3a7507c3 57b74308 b9cb0000 
$ RX (44): ad5b0001 00000166 063ee5d1 00000000 0000003a 00000014 00000000 004d9673 71024d93 64fc083b ac030000 
$ RX (44): ad5b0001 00000167 063fc2d7 00000000 0000002a 00000015 00000000 007018e6 8a6a5f49 651c4b22 fc480000 
$ RX (44): ad5b0001 00000168 06412af4 00000000 0000002a 00000013 00000000 82c0235b 4348fb34 bd09d680 6f540000 
$ RX (44): ad5b0001 00000169 0643d824 00000000 00000035 00000019 00000000 049009c6 fd904b80 fcf48208 44c70000 
$ RX (44): ad5b0001 0000016a 06453bc3 00000000 00000027 00000013 00000000 82403a08 e93bccf6 79e85d3a 71990000 
$ RX (44): ad5b0001 0000016b 0647f6ea 00000000 00000036 0000001b 00000000 04900550 535c34cc 39805895 308f0000 
$ RX (44): ad5b0001 0000016c 06481cb0 00000000 00000049 0000001a 00000000 5da2fbec ec45e100 7aed1685 b4280000 
$ RX (44): ad5b0001 0000016d 06495b19 00000000 00000028 00000014 00000000 82c00d01 ef23ec0e 31249ec2 31ee0000 
$ RX (44): ad5b0001 0000016e 064c1177 00000000 00000020 00000010 00000000 004d8093 1f6001e9 57358405 4e880000 
$ RX (44): ad5b0001 0000016f 064d6d5e 00000000 00000025 00000012 00000000 a2c00199 3cadd4e2 0e71dc0f a2b00000 
$ RX (44): ad5b0001 00000170 06501dae 00000000 00000021 00000010 00000000 0440090b 8c4d17d9 401e5e44 05f50000 
$ RX (44): ad5b0001 00000171 0650bf35 00000000 00000032 00000019 00000000 0490281c 6e3914de 2b44f4d4 ece30000 
$ RX (44): ad5b0001 00000172 06510768 00000000 00000035 0000001a 00000000 049001a4 696e18f2 41ad6e49 a5970000 
$ RX (44): ad5b0001 00000173 06515019 00000000 00000023 00000010 00000000 82c0713f 44073d7b 0b50e438 0b970000 
$ RX (44): ad5b0001 00000174 06518643 00000000 00000024 00000012 00000000 42c0158c 67f842a3 e72fd20f 880a0000 
$ RX (44): ad5b0001 00000175 06518df1 00000000 00000024 00000011 00000000 0022ba8f 42e7036a fab011ee 39930000 
$ RX (44): ad5b0001 00000176 0651cb6a 00000000 00000020 0000000f 00000000 004869d2 4f83fa44 7ca27700 4de60000 
$ RX (44): ad5b0001 00000177 06522788 00000000 00000023 0000000f 00000000 82c00447 962580b8 ef449892 b8500000 
$ RX (44): ad5b0001 00000178 065265a3 00000000 0000001e 0000000d 00000000 00006ef1 16f4d148 43e5b252 c1320000 
$ RX (44): ad5b0001 00000179 0652baa3 00000000 00000028 00000014 00000000 006e7b33 6c532d4f 68f9dc38 5e700000 
$ RX (44): ad5b0001 0000017e 06540e0e 00000000 00000026 00000013 00000000 001c06c8 e8578a75 20d6af80 55aa0000 
$ RX (44): ad5b0001 00000182 0655b6e8 00000000 00000028 00000014 00000000 82c000fa 8d8c2bb6 24862070 d9880000 
$ RX (44): ad5b0001 00000187 06572188 00000000 0000001e 0000000e 00000000 00372de4 2716e14e a3722cdc c6510000 
$ RX (44): ad5b0001 0000018d 065874f2 00000000 00000026 00000011 00000000 00306523 a15504fa ef41ba32 35c30000 
$ RX (44): ad5b0001 0000018e 06668fc8 00000000 0000003b 0000001b 00000000 8725d041 3667281f b67fb2fb 9ac80000 
$ RX (44): ad5b0001 0000018f 06669397 00000000 00000021 0000000f 00000000 00332215 777801ba c489c3c4 b20e0000 
$ RX (44): ad5b0001 00000190 066eaefe 00000000 00000016 0000000b 00000000 0850694f 560deb2d 8ae130c7 493f0000 
$ RX (44): ad5b0001 00000191 0672c419 00000000 00000047 0000001d 00000001 8da2fbec 58af8742 e32ea43b cf310000 
$ RX (44): ad5b0001 00000192 069ce3b8 00000000 00000037 0000001b 00000000 8725d041 315bd77a 10cc3f77 83f60000 
$ RX (44): ad5b0001 00000193 069ce78b 00000000 0000001f 0000000f 00000000 000d14cd 98ee6877 3122d099 d0860000 
$ RX (44): ad5b0001 00000194 069f8e04 00000000 0000001a 0000000d 00000000 9da68d02 58ab74dd 49efb873 536a0000 
$ RX (44): ad5b0001 00000195 06a6a71f 00000000 0000003d 00000016 00000001 8da2fbec 998d7d04 9804d043 4c200000 
$ RX (44): ad5b0001 00000196 06ab08af 00000000 00000027 00000012 00000000 02e19531 6e981800 c8193d33 1b4a0000 
$ RX (44): ad5b0001 00000197 06b1a148 00000000 00000062 00000028 00000001 8da2fbec 58af83ca 8a8ba934 5e330000 
$ RX (44): ad5b0001 00000198 06c7ac97 00000000 0000005f 00000020 00000000 5da2fbec ec45e101 d8937990 bc760000 
$ RX (44): ad5b0001 00000199 06d92676 00000000 00000014 0000000a 00000000 02708582 f492891e beaa69d7 1cd10000 
$ RX (44): ad5b0001 0000019a 06dd7716 00000000 00000025 00000012 00000001 8dc010ec 990a0088 7808d7aa a83a0000 
$ RX (44): ad5b0001 0000019b 06e7a9c1 00000000 00000018 0000000c 00000000 90e195b7 588f745d 3def2039 a2f90000 
$ RX (44): ad5b0001 0000019c 06e88fdc 00000000 0000003f 00000017 00000001 8da2fbec 58af83ca 8e8b9afd c64d0000 
$ RX (44): ad5b0001 0000019d 06ecd702 00000000 00000032 00000019 00000000 87a5d041 3667282f b67fb2fb cb3d0000 
$ RX (44): ad5b0001 0000019e 06ecdacb 00000000 00000032 00000019 00000000 005d0e71 e47f6fc4 0fa9fffb f76c0000 
$ RX (44): ad5b0001 0000019f 06ecdf73 00000000 00000010 00000008 00000000 5a620b27 0261d777 7e5d2c44 5cb40000 
$ RX (44): ad5b0001 000001a0 06f7accf 00000000 0000001b 0000000d 00000000 5dc010ec e1cda202 3dc50c7e 12790000 
$ RX (44): ad5b0001 000001a1 06f8fd16 00000000 00000019 0000000c 00000000 5dc010ed e1cfa201 f7c264f0 09110000 
$ RX (44): ad5b0001 000001a2 06fb5cf5 00000000 00000018 0000000c 00000000 ffe010ec e0cfa200 46273507 9b8d0000 
$ RX (44): ad5b0001 000001a3 06ffc649 00000000 00000063 00000026 00000001 8da2fbec e1128a00 00000083 6bd80000 
Waiting for process to finish... Got signal 2
$ RX (44): ad5b0001 000001a4 0706a772 00000000 00000010 00000008 00000000 63f8df96 21637844 3f9bc2f0 7ac30000 
* Destroying buffers
* Disabling streaming channels
* Destroying context
